  [1m[36m (1.4ms)[0m  [1mCREATE TABLE "schema_migrations" ("version" varchar NOT NULL) [0m
  [1m[35m (0.1ms)[0m  select sqlite_version(*)
  [1m[36m (1.1ms)[0m  [1mCREATE UNIQUE INDEX "unique_schema_migrations" ON "schema_migrations" ("version")[0m
  [1m[35mActiveRecord::SchemaMigration Load (0.1ms)[0m  SELECT "schema_migrations".* FROM "schema_migrations"


Started GET "/" for ::1 at 2015-11-16 16:12:00 -0600
Processing by Rails::WelcomeController#index as HTML
  Rendered /Users/admin/.rvm/gems/ruby-2.1.2/gems/railties-4.2.3/lib/rails/templates/rails/welcome/index.html.erb (1.9ms)
Completed 200 OK in 48ms (Views: 36.7ms | ActiveRecord: 0.0ms)
Started GET "/about" for ::1 at 2019-04-24 18:41:02 -0400
Processing by StaticController#about as HTML
  Rendering static/some_page.html.erb within layouts/application
  Rendered static/some_page.html.erb within layouts/application (1.3ms)
Completed 200 OK in 321ms (Views: 315.5ms | ActiveRecord: 0.0ms)


Started GET "/about" for ::1 at 2019-04-24 18:41:08 -0400
Processing by StaticController#about as HTML
  Rendering static/some_page.html.erb within layouts/application
  Rendered static/some_page.html.erb within layouts/application (0.3ms)
Completed 200 OK in 11ms (Views: 10.3ms | ActiveRecord: 0.0ms)


Started GET "/about" for ::1 at 2019-04-24 18:44:00 -0400
Processing by StaticController#about as HTML
  Rendering static/hello_world.html.erb within layouts/application
  Rendered static/hello_world.html.erb within layouts/application (1.9ms)
Completed 200 OK in 202ms (Views: 195.5ms | ActiveRecord: 0.0ms)


